----------------------------------------------------------------
Tue Jun 09 15:23:55 NZST 2026:
Booting Derby version The Apache Software Foundation - Apache Derby - 10.16.1.1 - (1901046): instance a816c00e-019e-aa68-7ff0-00000efe7fb8 
on database directory memory:/Users/zachb/University/Assignments/Assignments_2026/Software Construction/Project/SoftCon-Project-2/MyVitals/TestDB with class loader jdk.internal.loader.ClassLoaders$AppClassLoader@5bc2b487 
Loaded from file:/Users/zachb/.m2/repository/org/apache/derby/derby/10.16.1.1/derby-10.16.1.1.jar
java.vendor=Homebrew
java.runtime.version=25.0.2
user.dir=/Users/zachb/University/Assignments/Assignments_2026/Software Construction/Project/SoftCon-Project-2/MyVitals
os.name=Mac OS X
os.arch=aarch64
os.version=15.2
derby.system.home=null
Database Class Loader started - derby.database.classpath=''
Tue Jun 09 15:23:56 NZST 2026 Thread[#3,main,5,main] Cleanup action starting
java.sql.SQLException: Failed to start database 'MyVitalsDB' with class loader jdk.internal.loader.ClassLoaders$AppClassLoader@5bc2b487, see the next exception for details.
	at org.apache.derby.impl.jdbc.SQLExceptionFactory.getSQLException(SQLExceptionFactory.java:115)
	at org.apache.derby.impl.jdbc.SQLExceptionFactory.getSQLException(SQLExceptionFactory.java:141)
	at org.apache.derby.impl.jdbc.Util.seeNextException(Util.java:252)
	at org.apache.derby.impl.jdbc.EmbedConnection.bootDatabase(EmbedConnection.java:2848)
	at org.apache.derby.impl.jdbc.EmbedConnection.<init>(EmbedConnection.java:406)
	at org.apache.derby.iapi.jdbc.InternalDriver.getNewEmbedConnection(InternalDriver.java:630)
	at org.apache.derby.iapi.jdbc.InternalDriver.connect(InternalDriver.java:295)
	at org.apache.derby.iapi.jdbc.InternalDriver.connect(InternalDriver.java:922)
	at org.apache.derby.iapi.jdbc.AutoloadedDriver.connect(AutoloadedDriver.java:132)
	at java.sql/java.sql.DriverManager.getConnection(DriverManager.java:613)
	at java.sql/java.sql.DriverManager.getConnection(DriverManager.java:222)
	at com.group1.myvitals.model.DB_DataInterface.<init>(DB_DataInterface.java:85)
	at com.group1.myvitals.model.DB_DataInterface.<init>(DB_DataInterface.java:79)
	at com.group1.myvitals.model.Session.<init>(Session.java:20)
	at com.group1.myvitals.model.Session.getInstance(Session.java:25)
	at com.group1.myvitals.model.DBTest.testSessionLoginLogout(DBTest.java:109)
	at java.base/jdk.internal.reflect.DirectMethodHandleAccessor.invoke(DirectMethodHandleAccessor.java:104)
	at java.base/java.lang.reflect.Method.invoke(Method.java:565)
	at org.junit.runners.model.FrameworkMethod$1.runReflectiveCall(FrameworkMethod.java:59)
	at org.junit.internal.runners.model.ReflectiveCallable.run(ReflectiveCallable.java:12)
	at org.junit.runners.model.FrameworkMethod.invokeExplosively(FrameworkMethod.java:56)
	at org.junit.internal.runners.statements.InvokeMethod.evaluate(InvokeMethod.java:17)
	at org.junit.runners.ParentRunner$3.evaluate(ParentRunner.java:306)
	at org.junit.runners.BlockJUnit4ClassRunner$1.evaluate(BlockJUnit4ClassRunner.java:100)
	at org.junit.runners.ParentRunner.runLeaf(ParentRunner.java:366)
	at org.junit.runners.BlockJUnit4ClassRunner.runChild(BlockJUnit4ClassRunner.java:103)
	at org.junit.runners.BlockJUnit4ClassRunner.runChild(BlockJUnit4ClassRunner.java:63)
	at org.junit.runners.ParentRunner$4.run(ParentRunner.java:331)
	at org.junit.runners.ParentRunner$1.schedule(ParentRunner.java:79)
	at org.junit.runners.ParentRunner.runChildren(ParentRunner.java:329)
	at org.junit.runners.ParentRunner.access$100(ParentRunner.java:66)
	at org.junit.runners.ParentRunner$2.evaluate(ParentRunner.java:293)
	at org.junit.internal.runners.statements.RunBefores.evaluate(RunBefores.java:26)
	at org.junit.runners.ParentRunner$3.evaluate(ParentRunner.java:306)
	at org.junit.runners.ParentRunner.run(ParentRunner.java:413)
	at org.apache.maven.surefire.junit4.JUnit4Provider.execute(JUnit4Provider.java:316)
	at org.apache.maven.surefire.junit4.JUnit4Provider.executeWithRerun(JUnit4Provider.java:240)
	at org.apache.maven.surefire.junit4.JUnit4Provider.executeTestSet(JUnit4Provider.java:214)
	at org.apache.maven.surefire.junit4.JUnit4Provider.invoke(JUnit4Provider.java:155)
	at org.apache.maven.surefire.booter.ForkedBooter.runSuitesInProcess(ForkedBooter.java:385)
	at org.apache.maven.surefire.booter.ForkedBooter.execute(ForkedBooter.java:162)
	at org.apache.maven.surefire.booter.ForkedBooter.run(ForkedBooter.java:507)
	at org.apache.maven.surefire.booter.ForkedBooter.main(ForkedBooter.java:495)
Caused by: ERROR XJ040: Failed to start database 'MyVitalsDB' with class loader jdk.internal.loader.ClassLoaders$AppClassLoader@5bc2b487, see the next exception for details.
	at org.apache.derby.shared.common.error.StandardException.newException(StandardException.java:299)
	at org.apache.derby.impl.jdbc.SQLExceptionFactory.wrapArgsForTransportAcrossDRDA(SQLExceptionFactory.java:170)
	at org.apache.derby.impl.jdbc.SQLExceptionFactory.getSQLException(SQLExceptionFactory.java:75)
	... 42 more
Caused by: ERROR XSDB6: Another instance of Derby may have already booted the database /Users/zachb/University/Assignments/Assignments_2026/Software Construction/Project/SoftCon-Project-2/MyVitals/MyVitalsDB.
	at org.apache.derby.shared.common.error.StandardException.newException(StandardException.java:299)
	at org.apache.derby.shared.common.error.StandardException.newException(StandardException.java:294)
	at org.apache.derby.impl.store.raw.data.BaseDataFileFactory.privGetJBMSLockOnDB(BaseDataFileFactory.java:2075)
	at org.apache.derby.impl.store.raw.data.BaseDataFileFactory.run(BaseDataFileFactory.java:2900)
	at org.apache.derby.impl.store.raw.data.BaseDataFileFactory.getJBMSLockOnDB(BaseDataFileFactory.java:1883)
	at org.apache.derby.impl.store.raw.data.BaseDataFileFactory.boot(BaseDataFileFactory.java:339)
	at org.apache.derby.impl.services.monitor.BaseMonitor.boot(BaseMonitor.java:1989)
	at org.apache.derby.impl.services.monitor.TopService.bootModule(TopService.java:334)
	at org.apache.derby.impl.services.monitor.BaseMonitor.startModule(BaseMonitor.java:527)
	at org.apache.derby.impl.services.monitor.FileMonitor.startModule(FileMonitor.java:45)
	at org.apache.derby.iapi.services.monitor.Monitor.bootServiceModule(Monitor.java:460)
	at org.apache.derby.impl.store.raw.RawStore.bootServiceModule(RawStore.java:2880)
	at org.apache.derby.impl.store.raw.RawStore.boot(RawStore.java:185)
	at org.apache.derby.impl.services.monitor.BaseMonitor.boot(BaseMonitor.java:1989)
	at org.apache.derby.impl.services.monitor.TopService.bootModule(TopService.java:334)
	at org.apache.derby.impl.services.monitor.BaseMonitor.startModule(BaseMonitor.java:527)
	at org.apache.derby.impl.services.monitor.FileMonitor.startModule(FileMonitor.java:45)
	at org.apache.derby.iapi.services.monitor.Monitor.bootServiceModule(Monitor.java:460)
	at org.apache.derby.impl.store.access.RAMAccessManager.bootServiceModule(RAMAccessManager.java:1332)
	at org.apache.derby.impl.store.access.RAMAccessManager.boot(RAMAccessManager.java:1035)
	at org.apache.derby.impl.services.monitor.BaseMonitor.boot(BaseMonitor.java:1989)
	at org.apache.derby.impl.services.monitor.TopService.bootModule(TopService.java:334)
	at org.apache.derby.impl.services.monitor.BaseMonitor.startModule(BaseMonitor.java:527)
	at org.apache.derby.impl.services.monitor.FileMonitor.startModule(FileMonitor.java:45)
	at org.apache.derby.iapi.services.monitor.Monitor.bootServiceModule(Monitor.java:460)
	at org.apache.derby.impl.db.BasicDatabase.bootServiceModule(BasicDatabase.java:945)
	at org.apache.derby.impl.db.BasicDatabase.bootStore(BasicDatabase.java:773)
	at org.apache.derby.impl.db.BasicDatabase.boot(BasicDatabase.java:182)
	at org.apache.derby.impl.services.monitor.BaseMonitor.boot(BaseMonitor.java:1989)
	at org.apache.derby.impl.services.monitor.TopService.bootModule(TopService.java:334)
	at org.apache.derby.impl.services.monitor.BaseMonitor.bootService(BaseMonitor.java:1817)
	at org.apache.derby.impl.services.monitor.BaseMonitor.startProviderService(BaseMonitor.java:1683)
	at org.apache.derby.impl.services.monitor.BaseMonitor.findProviderAndStartService(BaseMonitor.java:1567)
	at org.apache.derby.impl.services.monitor.BaseMonitor.startPersistentService(BaseMonitor.java:988)
	at org.apache.derby.iapi.services.monitor.Monitor.startPersistentService(Monitor.java:598)
	at org.apache.derby.impl.jdbc.EmbedConnection.startPersistentService(EmbedConnection.java:3994)
	at org.apache.derby.impl.jdbc.EmbedConnection.bootDatabase(EmbedConnection.java:2809)
	... 39 more
============= begin nested exception, level (1) ===========
java.sql.SQLException: Another instance of Derby may have already booted the database /Users/zachb/University/Assignments/Assignments_2026/Software Construction/Project/SoftCon-Project-2/MyVitals/MyVitalsDB.
	at org.apache.derby.impl.jdbc.SQLExceptionFactory.getSQLException(SQLExceptionFactory.java:115)
	at org.apache.derby.impl.jdbc.Util.generateCsSQLException(Util.java:230)
	at org.apache.derby.impl.jdbc.EmbedConnection.bootDatabase(EmbedConnection.java:2846)
	at org.apache.derby.impl.jdbc.EmbedConnection.<init>(EmbedConnection.java:406)
	at org.apache.derby.iapi.jdbc.InternalDriver.getNewEmbedConnection(InternalDriver.java:630)
	at org.apache.derby.iapi.jdbc.InternalDriver.connect(InternalDriver.java:295)
	at org.apache.derby.iapi.jdbc.InternalDriver.connect(InternalDriver.java:922)
	at org.apache.derby.iapi.jdbc.AutoloadedDriver.connect(AutoloadedDriver.java:132)
	at java.sql/java.sql.DriverManager.getConnection(DriverManager.java:613)
	at java.sql/java.sql.DriverManager.getConnection(DriverManager.java:222)
	at com.group1.myvitals.model.DB_DataInterface.<init>(DB_DataInterface.java:85)
	at com.group1.myvitals.model.DB_DataInterface.<init>(DB_DataInterface.java:79)
	at com.group1.myvitals.model.Session.<init>(Session.java:20)
	at com.group1.myvitals.model.Session.getInstance(Session.java:25)
	at com.group1.myvitals.model.DBTest.testSessionLoginLogout(DBTest.java:109)
	at java.base/jdk.internal.reflect.DirectMethodHandleAccessor.invoke(DirectMethodHandleAccessor.java:104)
	at java.base/java.lang.reflect.Method.invoke(Method.java:565)
	at org.junit.runners.model.FrameworkMethod$1.runReflectiveCall(FrameworkMethod.java:59)
	at org.junit.internal.runners.model.ReflectiveCallable.run(ReflectiveCallable.java:12)
	at org.junit.runners.model.FrameworkMethod.invokeExplosively(FrameworkMethod.java:56)
	at org.junit.internal.runners.statements.InvokeMethod.evaluate(InvokeMethod.java:17)
	at org.junit.runners.ParentRunner$3.evaluate(ParentRunner.java:306)
	at org.junit.runners.BlockJUnit4ClassRunner$1.evaluate(BlockJUnit4ClassRunner.java:100)
	at org.junit.runners.ParentRunner.runLeaf(ParentRunner.java:366)
	at org.junit.runners.BlockJUnit4ClassRunner.runChild(BlockJUnit4ClassRunner.java:103)
	at org.junit.runners.BlockJUnit4ClassRunner.runChild(BlockJUnit4ClassRunner.java:63)
	at org.junit.runners.ParentRunner$4.run(ParentRunner.java:331)
	at org.junit.runners.ParentRunner$1.schedule(ParentRunner.java:79)
	at org.junit.runners.ParentRunner.runChildren(ParentRunner.java:329)
	at org.junit.runners.ParentRunner.access$100(ParentRunner.java:66)
	at org.junit.runners.ParentRunner$2.evaluate(ParentRunner.java:293)
	at org.junit.internal.runners.statements.RunBefores.evaluate(RunBefores.java:26)
	at org.junit.runners.ParentRunner$3.evaluate(ParentRunner.java:306)
	at org.junit.runners.ParentRunner.run(ParentRunner.java:413)
	at org.apache.maven.surefire.junit4.JUnit4Provider.execute(JUnit4Provider.java:316)
	at org.apache.maven.surefire.junit4.JUnit4Provider.executeWithRerun(JUnit4Provider.java:240)
	at org.apache.maven.surefire.junit4.JUnit4Provider.executeTestSet(JUnit4Provider.java:214)
	at org.apache.maven.surefire.junit4.JUnit4Provider.invoke(JUnit4Provider.java:155)
	at org.apache.maven.surefire.booter.ForkedBooter.runSuitesInProcess(ForkedBooter.java:385)
	at org.apache.maven.surefire.booter.ForkedBooter.execute(ForkedBooter.java:162)
	at org.apache.maven.surefire.booter.ForkedBooter.run(ForkedBooter.java:507)
	at org.apache.maven.surefire.booter.ForkedBooter.main(ForkedBooter.java:495)
Caused by: ERROR XSDB6: Another instance of Derby may have already booted the database /Users/zachb/University/Assignments/Assignments_2026/Software Construction/Project/SoftCon-Project-2/MyVitals/MyVitalsDB.
	at org.apache.derby.shared.common.error.StandardException.newException(StandardException.java:299)
	at org.apache.derby.shared.common.error.StandardException.newException(StandardException.java:294)
	at org.apache.derby.impl.store.raw.data.BaseDataFileFactory.privGetJBMSLockOnDB(BaseDataFileFactory.java:2075)
	at org.apache.derby.impl.store.raw.data.BaseDataFileFactory.run(BaseDataFileFactory.java:2900)
	at org.apache.derby.impl.store.raw.data.BaseDataFileFactory.getJBMSLockOnDB(BaseDataFileFactory.java:1883)
	at org.apache.derby.impl.store.raw.data.BaseDataFileFactory.boot(BaseDataFileFactory.java:339)
	at org.apache.derby.impl.services.monitor.BaseMonitor.boot(BaseMonitor.java:1989)
	at org.apache.derby.impl.services.monitor.TopService.bootModule(TopService.java:334)
	at org.apache.derby.impl.services.monitor.BaseMonitor.startModule(BaseMonitor.java:527)
	at org.apache.derby.impl.services.monitor.FileMonitor.startModule(FileMonitor.java:45)
	at org.apache.derby.iapi.services.monitor.Monitor.bootServiceModule(Monitor.java:460)
	at org.apache.derby.impl.store.raw.RawStore.bootServiceModule(RawStore.java:2880)
	at org.apache.derby.impl.store.raw.RawStore.boot(RawStore.java:185)
	at org.apache.derby.impl.services.monitor.BaseMonitor.boot(BaseMonitor.java:1989)
	at org.apache.derby.impl.services.monitor.TopService.bootModule(TopService.java:334)
	at org.apache.derby.impl.services.monitor.BaseMonitor.startModule(BaseMonitor.java:527)
	at org.apache.derby.impl.services.monitor.FileMonitor.startModule(FileMonitor.java:45)
	at org.apache.derby.iapi.services.monitor.Monitor.bootServiceModule(Monitor.java:460)
	at org.apache.derby.impl.store.access.RAMAccessManager.bootServiceModule(RAMAccessManager.java:1332)
	at org.apache.derby.impl.store.access.RAMAccessManager.boot(RAMAccessManager.java:1035)
	at org.apache.derby.impl.services.monitor.BaseMonitor.boot(BaseMonitor.java:1989)
	at org.apache.derby.impl.services.monitor.TopService.bootModule(TopService.java:334)
	at org.apache.derby.impl.services.monitor.BaseMonitor.startModule(BaseMonitor.java:527)
	at org.apache.derby.impl.services.monitor.FileMonitor.startModule(FileMonitor.java:45)
	at org.apache.derby.iapi.services.monitor.Monitor.bootServiceModule(Monitor.java:460)
	at org.apache.derby.impl.db.BasicDatabase.bootServiceModule(BasicDatabase.java:945)
	at org.apache.derby.impl.db.BasicDatabase.bootStore(BasicDatabase.java:773)
	at org.apache.derby.impl.db.BasicDatabase.boot(BasicDatabase.java:182)
	at org.apache.derby.impl.services.monitor.BaseMonitor.boot(BaseMonitor.java:1989)
	at org.apache.derby.impl.services.monitor.TopService.bootModule(TopService.java:334)
	at org.apache.derby.impl.services.monitor.BaseMonitor.bootService(BaseMonitor.java:1817)
	at org.apache.derby.impl.services.monitor.BaseMonitor.startProviderService(BaseMonitor.java:1683)
	at org.apache.derby.impl.services.monitor.BaseMonitor.findProviderAndStartService(BaseMonitor.java:1567)
	at org.apache.derby.impl.services.monitor.BaseMonitor.startPersistentService(BaseMonitor.java:988)
	at org.apache.derby.iapi.services.monitor.Monitor.startPersistentService(Monitor.java:598)
	at org.apache.derby.impl.jdbc.EmbedConnection.startPersistentService(EmbedConnection.java:3994)
	at org.apache.derby.impl.jdbc.EmbedConnection.bootDatabase(EmbedConnection.java:2809)
	... 39 more
============= end nested exception, level (1) ===========
============= begin nested exception, level (2) ===========
ERROR XSDB6: Another instance of Derby may have already booted the database /Users/zachb/University/Assignments/Assignments_2026/Software Construction/Project/SoftCon-Project-2/MyVitals/MyVitalsDB.
	at org.apache.derby.shared.common.error.StandardException.newException(StandardException.java:299)
	at org.apache.derby.shared.common.error.StandardException.newException(StandardException.java:294)
	at org.apache.derby.impl.store.raw.data.BaseDataFileFactory.privGetJBMSLockOnDB(BaseDataFileFactory.java:2075)
	at org.apache.derby.impl.store.raw.data.BaseDataFileFactory.run(BaseDataFileFactory.java:2900)
	at org.apache.derby.impl.store.raw.data.BaseDataFileFactory.getJBMSLockOnDB(BaseDataFileFactory.java:1883)
	at org.apache.derby.impl.store.raw.data.BaseDataFileFactory.boot(BaseDataFileFactory.java:339)
	at org.apache.derby.impl.services.monitor.BaseMonitor.boot(BaseMonitor.java:1989)
	at org.apache.derby.impl.services.monitor.TopService.bootModule(TopService.java:334)
	at org.apache.derby.impl.services.monitor.BaseMonitor.startModule(BaseMonitor.java:527)
	at org.apache.derby.impl.services.monitor.FileMonitor.startModule(FileMonitor.java:45)
	at org.apache.derby.iapi.services.monitor.Monitor.bootServiceModule(Monitor.java:460)
	at org.apache.derby.impl.store.raw.RawStore.bootServiceModule(RawStore.java:2880)
	at org.apache.derby.impl.store.raw.RawStore.boot(RawStore.java:185)
	at org.apache.derby.impl.services.monitor.BaseMonitor.boot(BaseMonitor.java:1989)
	at org.apache.derby.impl.services.monitor.TopService.bootModule(TopService.java:334)
	at org.apache.derby.impl.services.monitor.BaseMonitor.startModule(BaseMonitor.java:527)
	at org.apache.derby.impl.services.monitor.FileMonitor.startModule(FileMonitor.java:45)
	at org.apache.derby.iapi.services.monitor.Monitor.bootServiceModule(Monitor.java:460)
	at org.apache.derby.impl.store.access.RAMAccessManager.bootServiceModule(RAMAccessManager.java:1332)
	at org.apache.derby.impl.store.access.RAMAccessManager.boot(RAMAccessManager.java:1035)
	at org.apache.derby.impl.services.monitor.BaseMonitor.boot(BaseMonitor.java:1989)
	at org.apache.derby.impl.services.monitor.TopService.bootModule(TopService.java:334)
	at org.apache.derby.impl.services.monitor.BaseMonitor.startModule(BaseMonitor.java:527)
	at org.apache.derby.impl.services.monitor.FileMonitor.startModule(FileMonitor.java:45)
	at org.apache.derby.iapi.services.monitor.Monitor.bootServiceModule(Monitor.java:460)
	at org.apache.derby.impl.db.BasicDatabase.bootServiceModule(BasicDatabase.java:945)
	at org.apache.derby.impl.db.BasicDatabase.bootStore(BasicDatabase.java:773)
	at org.apache.derby.impl.db.BasicDatabase.boot(BasicDatabase.java:182)
	at org.apache.derby.impl.services.monitor.BaseMonitor.boot(BaseMonitor.java:1989)
	at org.apache.derby.impl.services.monitor.TopService.bootModule(TopService.java:334)
	at org.apache.derby.impl.services.monitor.BaseMonitor.bootService(BaseMonitor.java:1817)
	at org.apache.derby.impl.services.monitor.BaseMonitor.startProviderService(BaseMonitor.java:1683)
	at org.apache.derby.impl.services.monitor.BaseMonitor.findProviderAndStartService(BaseMonitor.java:1567)
	at org.apache.derby.impl.services.monitor.BaseMonitor.startPersistentService(BaseMonitor.java:988)
	at org.apache.derby.iapi.services.monitor.Monitor.startPersistentService(Monitor.java:598)
	at org.apache.derby.impl.jdbc.EmbedConnection.startPersistentService(EmbedConnection.java:3994)
	at org.apache.derby.impl.jdbc.EmbedConnection.bootDatabase(EmbedConnection.java:2809)
	at org.apache.derby.impl.jdbc.EmbedConnection.<init>(EmbedConnection.java:406)
	at org.apache.derby.iapi.jdbc.InternalDriver.getNewEmbedConnection(InternalDriver.java:630)
	at org.apache.derby.iapi.jdbc.InternalDriver.connect(InternalDriver.java:295)
	at org.apache.derby.iapi.jdbc.InternalDriver.connect(InternalDriver.java:922)
	at org.apache.derby.iapi.jdbc.AutoloadedDriver.connect(AutoloadedDriver.java:132)
	at java.sql/java.sql.DriverManager.getConnection(DriverManager.java:613)
	at java.sql/java.sql.DriverManager.getConnection(DriverManager.java:222)
	at com.group1.myvitals.model.DB_DataInterface.<init>(DB_DataInterface.java:85)
	at com.group1.myvitals.model.DB_DataInterface.<init>(DB_DataInterface.java:79)
	at com.group1.myvitals.model.Session.<init>(Session.java:20)
	at com.group1.myvitals.model.Session.getInstance(Session.java:25)
	at com.group1.myvitals.model.DBTest.testSessionLoginLogout(DBTest.java:109)
	at java.base/jdk.internal.reflect.DirectMethodHandleAccessor.invoke(DirectMethodHandleAccessor.java:104)
	at java.base/java.lang.reflect.Method.invoke(Method.java:565)
	at org.junit.runners.model.FrameworkMethod$1.runReflectiveCall(FrameworkMethod.java:59)
	at org.junit.internal.runners.model.ReflectiveCallable.run(ReflectiveCallable.java:12)
	at org.junit.runners.model.FrameworkMethod.invokeExplosively(FrameworkMethod.java:56)
	at org.junit.internal.runners.statements.InvokeMethod.evaluate(InvokeMethod.java:17)
	at org.junit.runners.ParentRunner$3.evaluate(ParentRunner.java:306)
	at org.junit.runners.BlockJUnit4ClassRunner$1.evaluate(BlockJUnit4ClassRunner.java:100)
	at org.junit.runners.ParentRunner.runLeaf(ParentRunner.java:366)
	at org.junit.runners.BlockJUnit4ClassRunner.runChild(BlockJUnit4ClassRunner.java:103)
	at org.junit.runners.BlockJUnit4ClassRunner.runChild(BlockJUnit4ClassRunner.java:63)
	at org.junit.runners.ParentRunner$4.run(ParentRunner.java:331)
	at org.junit.runners.ParentRunner$1.schedule(ParentRunner.java:79)
	at org.junit.runners.ParentRunner.runChildren(ParentRunner.java:329)
	at org.junit.runners.ParentRunner.access$100(ParentRunner.java:66)
	at org.junit.runners.ParentRunner$2.evaluate(ParentRunner.java:293)
	at org.junit.internal.runners.statements.RunBefores.evaluate(RunBefores.java:26)
	at org.junit.runners.ParentRunner$3.evaluate(ParentRunner.java:306)
	at org.junit.runners.ParentRunner.run(ParentRunner.java:413)
	at org.apache.maven.surefire.junit4.JUnit4Provider.execute(JUnit4Provider.java:316)
	at org.apache.maven.surefire.junit4.JUnit4Provider.executeWithRerun(JUnit4Provider.java:240)
	at org.apache.maven.surefire.junit4.JUnit4Provider.executeTestSet(JUnit4Provider.java:214)
	at org.apache.maven.surefire.junit4.JUnit4Provider.invoke(JUnit4Provider.java:155)
	at org.apache.maven.surefire.booter.ForkedBooter.runSuitesInProcess(ForkedBooter.java:385)
	at org.apache.maven.surefire.booter.ForkedBooter.execute(ForkedBooter.java:162)
	at org.apache.maven.surefire.booter.ForkedBooter.run(ForkedBooter.java:507)
	at org.apache.maven.surefire.booter.ForkedBooter.main(ForkedBooter.java:495)
============= end nested exception, level (2) ===========
Cleanup action completed
